\BOOKMARK [0][-]{chapter.1}{The Large Hadron Collider and the CMS Experiment}{}% 1
\BOOKMARK [1][-]{section.1.1}{The Large Hadron Collider}{chapter.1}% 2
\BOOKMARK [2][-]{subsection.1.1.1}{Timeline}{section.1.1}% 3
\BOOKMARK [2][-]{subsection.1.1.2}{Injection Complex}{section.1.1}% 4
\BOOKMARK [2][-]{subsection.1.1.3}{Beam Structure and Luminosity}{section.1.1}% 5
\BOOKMARK [2][-]{subsection.1.1.4}{Future Plans and Upgrades}{section.1.1}% 6
\BOOKMARK [1][-]{section.1.2}{The CMS Experiment}{chapter.1}% 7
\BOOKMARK [2][-]{subsection.1.2.1}{Detector Geometry}{section.1.2}% 8
\BOOKMARK [2][-]{subsection.1.2.2}{Tracking System}{section.1.2}% 9
\BOOKMARK [3][-]{subsubsection.1.2.2.1}{Pixel Detectors}{subsection.1.2.2}% 10
\BOOKMARK [3][-]{subsubsection.1.2.2.2}{Strip Detectors}{subsection.1.2.2}% 11
\BOOKMARK [3][-]{subsubsection.1.2.2.3}{System Performances}{subsection.1.2.2}% 12
\BOOKMARK [2][-]{subsection.1.2.3}{Calorimeters}{section.1.2}% 13
\BOOKMARK [3][-]{subsubsection.1.2.3.1}{Electromagnetic Calorimeter}{subsection.1.2.3}% 14
\BOOKMARK [3][-]{subsubsection.1.2.3.2}{Hadronic Calorimeter}{subsection.1.2.3}% 15
\BOOKMARK [3][-]{subsubsection.1.2.3.3}{System Performances}{subsection.1.2.3}% 16
\BOOKMARK [2][-]{subsection.1.2.4}{Superconducting Magnet}{section.1.2}% 17
\BOOKMARK [2][-]{subsection.1.2.5}{Muon Spectrometer}{section.1.2}% 18
\BOOKMARK [3][-]{subsubsection.1.2.5.1}{Drift Tubes}{subsection.1.2.5}% 19
\BOOKMARK [3][-]{subsubsection.1.2.5.2}{Cathode Strip Chambers}{subsection.1.2.5}% 20
\BOOKMARK [3][-]{subsubsection.1.2.5.3}{Resistive Plate Chambers}{subsection.1.2.5}% 21
\BOOKMARK [3][-]{subsubsection.1.2.5.4}{System Performances}{subsection.1.2.5}% 22
\BOOKMARK [2][-]{subsection.1.2.6}{Trigger System}{section.1.2}% 23
\BOOKMARK [3][-]{subsubsection.1.2.6.1}{Level-1 Trigger}{subsection.1.2.6}% 24
\BOOKMARK [3][-]{subsubsection.1.2.6.2}{High Level Trigger}{subsection.1.2.6}% 25
\BOOKMARK [3][-]{subsubsection.1.2.6.3}{Muon System Trigger}{subsection.1.2.6}% 26
\BOOKMARK [2][-]{subsection.1.2.7}{Data Acquisition System}{section.1.2}% 27
\BOOKMARK [3][-]{subsubsection.1.2.7.1}{Detectors Readout}{subsection.1.2.7}% 28
\BOOKMARK [3][-]{subsubsection.1.2.7.2}{Event Builder}{subsection.1.2.7}% 29
\BOOKMARK [3][-]{subsubsection.1.2.7.3}{Event Filter}{subsection.1.2.7}% 30
\BOOKMARK [3][-]{subsubsection.1.2.7.4}{Run, Control, and Monitoring Infrastructure}{subsection.1.2.7}% 31
\BOOKMARK [0][-]{chapter.2}{The CMS GEM Project}{}% 32
\BOOKMARK [1][-]{section.2.1}{Physics Motivations}{chapter.2}% 33
\BOOKMARK [1][-]{section.2.2}{Triple-GEM Detector Design}{chapter.2}% 34
\BOOKMARK [2][-]{subsection.2.2.1}{Chambers Mechanical Design}{section.2.2}% 35
\BOOKMARK [2][-]{subsection.2.2.2}{Gas Electron Multiplier Principles}{section.2.2}% 36
\BOOKMARK [2][-]{subsection.2.2.3}{GEM Foils Production}{section.2.2}% 37
\BOOKMARK [1][-]{section.2.3}{Detector Performance}{chapter.2}% 38
\BOOKMARK [2][-]{subsection.2.3.1}{Detection Efficiency}{section.2.3}% 39
\BOOKMARK [2][-]{subsection.2.3.2}{Spatial Resolution}{section.2.3}% 40
\BOOKMARK [2][-]{subsection.2.3.3}{Time Resolution}{section.2.3}% 41
\BOOKMARK [2][-]{subsection.2.3.4}{Particle Rate Capability}{section.2.3}% 42
\BOOKMARK [1][-]{section.2.4}{Upgrade of the CMS Muon System}{chapter.2}% 43
\BOOKMARK [1][-]{section.2.5}{Detector Testing and Installation}{chapter.2}% 44
\BOOKMARK [2][-]{subsection.2.5.1}{Test Beam Campaigns}{section.2.5}% 45
\BOOKMARK [2][-]{subsection.2.5.2}{Slice Test Integration}{section.2.5}% 46
\BOOKMARK [2][-]{subsection.2.5.3}{Phase2 Installation}{section.2.5}% 47
\BOOKMARK [2][-]{subsection.2.5.4}{Phase3 Installation}{section.2.5}% 48
\BOOKMARK [1][-]{section.2.6}{Status of the GEM Project}{chapter.2}% 49
